<?xml version="1.0" encoding="utf-8"?><testsuites name="pytest tests"><testsuite name="pytest" errors="0" failures="0" skipped="0" tests="51" time="101.077" timestamp="2026-09-20T02:46:59.480230+05:30" hostname="DESKTOP-GDRSKBQ"><testcase classname="tests.system.test_access_control" name="test_no_token_is_rejected[/api/me]" time="0.482" /><testcase classname="tests.system.test_access_control" name="test_no_token_is_rejected[/api/app/billing]" time="0.003" /><testcase classname="tests.system.test_access_control" name="test_no_token_is_rejected[/api/console/cases]" time="0.013" /><testcase classname="tests.system.test_access_control" name="test_no_token_is_rejected[/api/admin/models]" time="0.018" /><testcase classname="tests.system.test_access_control" name="test_a_customer_cannot_reach_staff_surfaces[/api/console/cases]" time="0.395" /><testcase classname="tests.system.test_access_control" name="test_a_customer_cannot_reach_staff_surfaces[/api/console/ping]" time="0.003" /><testcase classname="tests.system.test_access_control" name="test_a_customer_cannot_reach_staff_surfaces[/api/admin/models]" time="0.003" /><testcase classname="tests.system.test_access_control" name="test_a_customer_cannot_reach_staff_surfaces[/api/lab/requests]" time="0.008" /><testcase classname="tests.system.test_access_control" name="test_an_agent_cannot_reach_admin_surfaces[/api/admin/models]" time="0.297" /><testcase classname="tests.system.test_access_control" name="test_an_agent_cannot_reach_admin_surfaces[/api/admin/traces]" time="0.003" /><testcase classname="tests.system.test_access_control" name="test_an_agent_cannot_reach_admin_surfaces[/api/lab/requests]" time="0.003" /><testcase classname="tests.system.test_access_control" name="test_each_role_reaches_its_own_surface" time="10.661" /><testcase classname="tests.system.test_access_control" name="test_a_customer_cannot_read_another_customers_ticket" time="0.563" /><testcase classname="tests.system.test_access_control" name="test_a_tampered_token_is_rejected" time="0.005" /><testcase classname="tests.system.test_access_control" name="test_sign_in_rejects_a_wrong_password" time="0.140" /><testcase classname="tests.system.test_configuration" name="test_the_compose_file_is_valid[yaml]" time="0.180" /><testcase classname="tests.system.test_configuration" name="test_the_compose_file_is_valid[yaml+lite]" time="0.184" /><testcase classname="tests.system.test_configuration" name="test_the_compose_file_is_valid[yaml+ci]" time="0.188" /><testcase classname="tests.system.test_configuration" name="test_the_compose_file_is_valid[yaml+gpu]" time="0.180" /><testcase classname="tests.system.test_configuration" name="test_the_compose_file_is_valid[yaml+prod]" time="0.179" /><testcase classname="tests.system.test_configuration" name="test_the_compose_file_is_valid[yaml+test]" time="0.195" /><testcase classname="tests.system.test_configuration" name="test_the_compose_file_is_valid[yaml+ci+test]" time="0.196" /><testcase classname="tests.system.test_configuration" name="test_the_compose_file_is_valid[yaml+prod+monitoring]" time="0.199" /><testcase classname="tests.system.test_configuration" name="test_the_mlops_profile_adds_airflow_and_mlflow" time="0.197" /><testcase classname="tests.system.test_configuration" name="test_every_variable_the_compose_file_reads_is_in_the_example" time="0.002" /><testcase classname="tests.system.test_data_integrity" name="test_an_unknown_id_is_a_clean_404[/api/app/tickets/LL-999999]" time="0.007" /><testcase classname="tests.system.test_data_integrity" name="test_an_unknown_id_is_a_clean_404[/api/app/orders/00000000-0000-0000-0000-000000000000]" time="0.007" /><testcase classname="tests.system.test_data_integrity" name="test_an_unknown_case_is_a_clean_404" time="0.036" /><testcase classname="tests.system.test_data_integrity" name="test_an_empty_message_is_refused" time="0.050" /><testcase classname="tests.system.test_data_integrity" name="test_a_message_survives_the_round_trip" time="0.067" /><testcase classname="tests.system.test_data_integrity" name="test_an_attachment_keeps_its_bytes" time="0.195" /><testcase classname="tests.system.test_data_integrity" name="test_a_case_revision_only_moves_forward" time="0.018" /><testcase classname="tests.system.test_data_integrity" name="test_the_bill_adds_up" time="0.007" /><testcase classname="tests.system.test_functional" name="test_the_public_pages_need_no_account" time="0.005" /><testcase classname="tests.system.test_functional" name="test_who_am_i_names_the_role" time="0.007" /><testcase classname="tests.system.test_functional" name="test_the_account_screens_carry_the_customers_own_record" time="0.058" /><testcase classname="tests.system.test_functional" name="test_a_sinhala_message_becomes_a_case_with_a_draft" time="28.440" /><testcase classname="tests.system.test_functional" name="test_the_conversation_keeps_what_was_said" time="0.009" /><testcase classname="tests.system.test_functional" name="test_a_ticket_can_be_read_back_whole" time="0.016" /><testcase classname="tests.system.test_performance" name="test_a_warm_account_screen_is_within_budget[/api/me-800]" time="0.021" /><testcase classname="tests.system.test_performance" name="test_a_warm_account_screen_is_within_budget[/api/app/overview-1500]" time="0.054" /><testcase classname="tests.system.test_performance" name="test_a_warm_account_screen_is_within_budget[/api/app/billing-800]" time="0.032" /><testcase classname="tests.system.test_performance" name="test_a_warm_account_screen_is_within_budget[/api/app/plan-800]" time="0.030" /><testcase classname="tests.system.test_performance" name="test_a_warm_account_screen_is_within_budget[/api/app/usage-1200]" time="0.079" /><testcase classname="tests.system.test_performance" name="test_a_warm_account_screen_is_within_budget[/api/app/notices-800]" time="0.032" /><testcase classname="tests.system.test_performance" name="test_the_acknowledgement_is_immediate" time="0.055" /><testcase classname="tests.system.test_performance" name="test_the_console_queue_loads_within_budget" time="0.058" /><testcase classname="tests.system.test_resilience" name="test_a_dead_translation_service_still_answers_the_customer" time="29.162" /><testcase classname="tests.system.test_resilience" name="test_a_dead_audio_service_does_not_lose_the_ticket" time="6.630" /><testcase classname="tests.system.test_resilience" name="test_the_edge_reports_a_stopped_dependency" time="14.165" /><testcase classname="tests.system.test_resilience" name="test_a_restarted_service_is_healthy_again" time="7.467" /></testsuite></testsuites>